
Logfile opened on Fri Apr 10 16:34:35 2020

Fri Apr 10 16:34:35 2020 - Admin 0 : System/Rcon with 100 power kicked player: kazz^7 id: 2310346615143246088 with the following reason: Reason: !!!**KP**!!! decission^7. 
Fri Apr 10 17:29:06 2020 - Admin 0 : System/Rcon with 100 power kicked player: MX|pcb^7 id: 2310346617115143499 with the following reason: Reason: !!!**KP**!!! decission^7. 
Sun Apr 12 16:55:44 2020 - Admin 0 : System/Rcon with 100 power kicked player: Envy distant.tm^7 id: 2310346617303577371 with the following reason: Reason: |-Maniac-| decission^7. 

Logfile opened on Wed Apr 29 17:34:27 2020

Wed Apr 29 17:34:27 2020 - Admin 0 : System/Rcon with 100 power kicked player: Sayanna^7 id: 2310346615306997552 with the following reason: Reason: [$p4m] decission^7. 
Wed May  6 17:39:08 2020 - Admin 0 : System/Rcon with 100 power kicked player: Barance^7 id: 2310346613599609041 with the following reason: Reason: Thanamalwila Kollek decission^7. 
Fri May  8 19:09:31 2020 - Admin 0 : System/Rcon with 100 power kicked player: waluka^7 id: 2310346614373733090 with the following reason: Reason: [$p4m] decission^7. 
Sat May  9 15:27:17 2020 - Admin 0 : System/Rcon with 100 power kicked player: Dean^7 id: 2310346615668007315 with the following reason: Reason: [$p4m] decission^7. 
Sun May 10 14:15:23 2020 - Admin 0 : System/Rcon with 100 power kicked player: DK^7 id: 2310346617340893658 with the following reason: Reason: [$p4m] decission^7. 

Logfile opened on Thu May 28 14:17:11 2020

Thu May 28 14:17:11 2020 - Admin 0 with 100 power kicked player: Api kaawa oi^7 guid: 401d1a1326d3972828f323e89cb9e561 with the following reason: The admin has no reason given
Thu May 28 14:17:20 2020 - Admin 0 with 100 power kicked player: GoDda<No_SounD!^7 guid: 401d1a1326d3972828f323e89cb9e561 with the following reason: The admin has no reason given
Thu May 28 14:17:20 2020 - Admin 0 with 100 power kicked player: |-Maniac-|^7 guid: 401d1a1326d3972828f323e89cb9e561 with the following reason: The admin has no reason given
Thu May 28 14:17:21 2020 - Admin 0 with 100 power kicked player: ^3|^4TM^3_^4WEE^3|^7 guid: 401d1a1326d3972828f323e89cb9e561 with the following reason: The admin has no reason given
Thu May 28 14:17:22 2020 - Admin 0 with 100 power kicked player: *ThE-ImMorTal*^7 guid: 401d1a1326d3972828f323e89cb9e561 with the following reason: The admin has no reason given
Thu May 28 14:17:23 2020 - Admin 0 with 100 power kicked player: RAPTOR^7 guid: 401d1a1326d3972828f323e89cb9e561 with the following reason: The admin has no reason given
Thu May 28 14:17:36 2020 - Admin 0 with 100 power kicked player: GoDda<No_SounD!^7 guid: 401d1a1326d3972828f323e89cb9e561 with the following reason: The admin has no reason given
Thu May 28 14:17:42 2020 - Admin 0 with 100 power kicked player: Api kaawa oi^7 guid: 401d1a1326d3972828f323e89cb9e561 with the following reason: The admin has no reason given
Thu May 28 14:17:44 2020 - Admin 0 with 100 power kicked player: RAPTOR^7 guid: 401d1a1326d3972828f323e89cb9e561 with the following reason: The admin has no reason given
Thu May 28 14:17:51 2020 - Admin 0 with 100 power kicked player: *ThE-ImMorTal*^7 guid: 401d1a1326d3972828f323e89cb9e561 with the following reason: The admin has no reason given
Thu May 28 14:17:54 2020 - Admin 0 with 100 power kicked player: GoDda<No_SounD!^7 guid: 401d1a1326d3972828f323e89cb9e561 with the following reason: The admin has no reason given
Thu May 28 14:18:05 2020 - Admin 0 with 100 power kicked player: ^3|^4TM^3_^4WEE^3|^7 guid: 401d1a1326d3972828f323e89cb9e561 with the following reason: The admin has no reason given
Thu May 28 14:18:05 2020 - Admin 0 with 100 power kicked player: Api kaawa oi^7 guid: 401d1a1326d3972828f323e89cb9e561 with the following reason: The admin has no reason given
Thu May 28 14:18:18 2020 - Admin 0 with 100 power kicked player: RAPTOR^7 guid: 401d1a1326d3972828f323e89cb9e561 with the following reason: The admin has no reason given
Thu May 28 14:18:20 2020 - Admin 0 with 100 power kicked player: *ThE-ImMorTal*^7 guid: 401d1a1326d3972828f323e89cb9e561 with the following reason: The admin has no reason given
Thu May 28 14:18:35 2020 - Admin 0 with 100 power kicked player: ^3|^4TM^3_^4WEE^3|^7 guid: 401d1a1326d3972828f323e89cb9e561 with the following reason: The admin has no reason given
Thu May 28 14:18:59 2020 - Admin 0 with 100 power kicked player: *ThE-ImMorTal*^7 guid: 401d1a1326d3972828f323e89cb9e561 with the following reason: The admin has no reason given
Thu May 28 14:19:00 2020 - Admin 0 with 100 power kicked player: GoDda<No_SounD!^7 guid: 401d1a1326d3972828f323e89cb9e561 with the following reason: The admin has no reason given
Thu May 28 14:19:00 2020 - Admin 0 with 100 power kicked player: ^3|^4TM^3_^4WEE^3|^7 guid: 401d1a1326d3972828f323e89cb9e561 with the following reason: The admin has no reason given
Thu May 28 14:19:21 2020 - Admin 0 with 100 power kicked player: RAPTOR^7 guid: 401d1a1326d3972828f323e89cb9e561 with the following reason: The admin has no reason given
Thu May 28 14:19:22 2020 - Admin 0 with 100 power kicked player: GoDda<No_SounD!^7 guid: 401d1a1326d3972828f323e89cb9e561 with the following reason: The admin has no reason given
Thu May 28 14:19:24 2020 - Admin 0 with 100 power kicked player: ^3|^4TM^3_^4WEE^3|^7 guid: 401d1a1326d3972828f323e89cb9e561 with the following reason: The admin has no reason given
Thu May 28 14:19:47 2020 - Admin 0 with 100 power kicked player: ^3|^4TM^3_^4WEE^3|^7 guid: 401d1a1326d3972828f323e89cb9e561 with the following reason: The admin has no reason given
Thu May 28 14:19:50 2020 - Admin 0 with 100 power kicked player: *ThE-ImMorTal*^7 guid: 401d1a1326d3972828f323e89cb9e561 with the following reason: The admin has no reason given
Thu May 28 14:19:56 2020 - Admin 0 with 100 power kicked player: GoDda<No_SounD!^7 guid: 401d1a1326d3972828f323e89cb9e561 with the following reason: The admin has no reason given
Thu May 28 14:20:03 2020 - Admin 0 with 100 power kicked player: ^3|^4TM^3_^4WEE^3|^7 guid: 401d1a1326d3972828f323e89cb9e561 with the following reason: The admin has no reason given
Thu May 28 14:20:19 2020 - Admin 0 with 100 power kicked player: *ThE-ImMorTal*^7 guid: 401d1a1326d3972828f323e89cb9e561 with the following reason: The admin has no reason given
Thu May 28 14:20:23 2020 - Admin 0 with 100 power kicked player: RAPTOR^7 guid: 401d1a1326d3972828f323e89cb9e561 with the following reason: The admin has no reason given
Thu May 28 14:20:25 2020 - Admin 0 with 100 power kicked player: GoDda<No_SounD!^7 guid: 401d1a1326d3972828f323e89cb9e561 with the following reason: The admin has no reason given
Thu May 28 14:20:30 2020 - Admin 0 with 100 power kicked player: ^3|^4TM^3_^4WEE^3|^7 guid: 401d1a1326d3972828f323e89cb9e561 with the following reason: The admin has no reason given
Thu May 28 14:20:44 2020 - Admin 0 with 100 power kicked player: *ThE-ImMorTal*^7 guid: 401d1a1326d3972828f323e89cb9e561 with the following reason: The admin has no reason given
Thu May 28 14:21:08 2020 - Admin 0 with 100 power kicked player: *ThE-ImMorTal*^7 guid: 401d1a1326d3972828f323e89cb9e561 with the following reason: The admin has no reason given
Thu May 28 14:21:11 2020 - Admin 0 with 100 power kicked player: RAPTOR^7 guid: 401d1a1326d3972828f323e89cb9e561 with the following reason: The admin has no reason given
Thu May 28 14:21:58 2020 - Admin 0 with 100 power kicked player: ^3|^4TM^3_^4WEE^3|^7 guid: 401d1a1326d3972828f323e89cb9e561 with the following reason: The admin has no reason given

Logfile opened on Fri May 29 06:19:34 2020

Fri May 29 06:19:34 2020 - Admin 0 with 100 power kicked player: Chita^7 guid: 68924ad74199c1651c1c735ea971c06e with the following reason: The admin has no reason given
Fri May 29 06:19:53 2020 - Admin 0 with 100 power kicked player: Chita^7 guid: 68924ad74199c1651c1c735ea971c06e with the following reason: The admin has no reason given
Fri May 29 06:20:36 2020 - Admin 0 with 100 power kicked player: Chita^7 guid: 68924ad74199c1651c1c735ea971c06e with the following reason: The admin has no reason given
Fri May 29 06:21:31 2020 - Admin 0 with 100 power kicked player: Chita^7 guid: 68924ad74199c1651c1c735ea971c06e with the following reason: The admin has no reason given
Fri May 29 06:33:55 2020 - Admin 0 with 100 power kicked player: Chita^7 guid: 68924ad74199c1651c1c735ea971c06e with the following reason: The admin has no reason given
Fri May 29 06:35:12 2020 - Admin 0 with 100 power kicked player: Chita^7 guid: 68924ad74199c1651c1c735ea971c06e with the following reason: The admin has no reason given
Fri May 29 06:44:40 2020 - Admin 0 with 100 power kicked player: Chita^7 guid: 68924ad74199c1651c1c735ea971c06e with the following reason: The admin has no reason given
Fri May 29 06:59:18 2020 - Admin 0 with 100 power kicked player: Chita^7 guid: 68924ad74199c1651c1c735ea971c06e with the following reason: The admin has no reason given
Fri May 29 07:01:04 2020 - Admin 0 with 100 power kicked player: Chita^7 guid: 68924ad74199c1651c1c735ea971c06e with the following reason: The admin has no reason given

Logfile opened on Wed Jun  3 16:13:01 2020

Wed Jun  3 16:13:01 2020 - Admin 0 with 100 power kicked player: waluka^7 guid: 89d0489c46b1d170fcea01807b71cdda with the following reason: Reason: admin decission. 
