
Logfile opened on Sat Oct 17 11:04:36 2020


g_antilag is read only.
By using this software you agree to the usage conditions you can find at https://github.com/callofduty4x/CoD4x_Server#usage-conditions-for-server-hosters
-----------------------------------
^4Calculate referenced files checksums...
^4CRC32 for main/iw_11.iwd is e9cf411f Len 151420446
^4CRC32 for mods/lk_gamers/z_custom.iwd is eba9d0cd Len 795249
^4CRC32 for mods/lk_gamers/pml220.iwd is 14a10cf7 Len 5676483
^4CRC32 for mods/lk_gamers/z_snd.iwd is c1c68406 Len 24419247
^4CRC32 for mods/lk_gamers/z_smvskins.iwd is dcc88896 Len 13152094
^4CRC32 for zone/english/code_post_gfx_mp.ff is b144581c Len 89196
^4CRC32 for zone/english/mp_crossfire.ff is 7ccff4ad Len 36726189
^4CRC32 for zone/english/common_mp.ff is 4ef7a074 Len 13517381
^4CRC32 for mods/lk_gamers/mod.ff is 111844a9 Len 571315
Steam: Server connected successfully
GameServer is not VAC Secure!
GameServer SteamID: [A:1:2919646219]
Resolving cod4master.activision.com 
cod4master.activision.com resolved to 185.34.107.159:20810
Resolving cod4master.smvhost.in (IPv4)
cod4master.smvhost.in resolved to 51.79.165.194:20810
Resolving cod4master.smvhost.in (IPv6)
cod4master.smvhost.in resolved to [2400:6180:0:d0::2b:1]:20810
Sending heartbeat to cod4master.smvhost.in
^5Hitch warning: 3077 msec frame time
Resolving cod4master.activision.com
cod4master.activision.com resolved to 185.34.107.159:20800
==== ShutdownGame (0) ====
------- Game Initialization -------
gamename: Call of Duty 4
gamedate: Aug  1 2011
-----------------------------------
Sending heartbeat to cod4master.smvhost.in
==== ShutdownGame (0) ====
------- Game Initialization -------
gamename: Call of Duty 4
gamedate: Aug  1 2011
-----------------------------------
Going from CS_FREE to CS_CONNECTED for Maniac num 0 from: 175.157.58.142:4771<=>10.148.0.63:28962
Sending heartbeat to cod4master.smvhost.in
SV_ExecuteReliableMessage() cmd: 8
^2Processed 71 bytes for client Maniac
SV_ExecuteReliableMessage() cmd: 8
^2Processed 6 bytes for client Maniac
SV_ExecuteReliableMessage() cmd: 9
Received packet 0 of stats data
^2Processed 8201 bytes for client Maniac
^3SetTargetEnt() called on a non-broadcasting entity, may not show in client snapshots
==== ShutdownGame (0) ====
------- Game Initialization -------
gamename: Call of Duty 4
gamedate: Aug  1 2011
-----------------------------------
Rcon from 175.157.58.142:4771: map mp_killhouse
^5Hitch warning: 2154 msec frame time
Sending heartbeat to cod4master.smvhost.in
SV_ExecuteReliableMessage() cmd: 9
Received packet 0 of stats data
^2Processed 8201 bytes for client Maniac
Going from CS_FREE to CS_CONNECTED for -CyRuS- num 1 from: 116.206.244.244:56621<=>10.148.0.63:28962
SV_ExecuteReliableMessage() cmd: 8
^2Processed 71 bytes for client -CyRuS-
SV_ExecuteReliableMessage() cmd: 8
^2Processed 6 bytes for client -CyRuS-
SV_ExecuteReliableMessage() cmd: 9
Received packet 0 of stats data
^2Processed 8201 bytes for client -CyRuS-
Rcon from 175.157.58.142:4771: gametype war
loading nvconfig_v3.dat
Loaded nvconfig_v3.dat 0 errors
==== ShutdownGame (1) ====
------ Server Initialization ------
Server: mp_killhouse
^3Warning: WARNING: Invalid IWD jcod4x_00.iwd in \main.
Current language: english
Current fs_basepath: /var/www/html/cod/cod4x1.7/cod4
Current fs_homepath: /var/www/html/cod/cod4x1.7/cod4
Current search path:
/var/www/html/cod/cod4x1.7/cod4/mods/lk_gamers/z_snd.iwd (94 files)
/var/www/html/cod/cod4x1.7/cod4/mods/lk_gamers/z_smvskins.iwd (26 files)
/var/www/html/cod/cod4x1.7/cod4/mods/lk_gamers/z_custom.iwd (100 files)
/var/www/html/cod/cod4x1.7/cod4/mods/lk_gamers/pml220.iwd (111 files)
/var/www/html/cod/cod4x1.7/cod4/mods/lk_gamers
/var/www/html/cod/cod4x1.7/cod4/usermaps/mp_killhouse
/var/www/html/cod/cod4x1.7/cod4/main/xbase_00.iwd (20 files)
/var/www/html/cod/cod4x1.7/cod4/main/iw_13.iwd (265 files)
/var/www/html/cod/cod4x1.7/cod4/main/iw_12.iwd (33 files)
/var/www/html/cod/cod4x1.7/cod4/main/iw_11.iwd (448 files)
/var/www/html/cod/cod4x1.7/cod4/main/iw_10.iwd (230 files)
/var/www/html/cod/cod4x1.7/cod4/main/iw_09.iwd (447 files)
/var/www/html/cod/cod4x1.7/cod4/main/iw_08.iwd (66 files)
/var/www/html/cod/cod4x1.7/cod4/main/iw_07.iwd (34 files)
/var/www/html/cod/cod4x1.7/cod4/main/iw_06.iwd (416 files)
/var/www/html/cod/cod4x1.7/cod4/main/iw_05.iwd (716 files)
/var/www/html/cod/cod4x1.7/cod4/main/iw_04.iwd (765 files)
/var/www/html/cod/cod4x1.7/cod4/main/iw_03.iwd (670 files)
/var/www/html/cod/cod4x1.7/cod4/main/iw_02.iwd (1296 files)
/var/www/html/cod/cod4x1.7/cod4/main/iw_01.iwd (1456 files)
/var/www/html/cod/cod4x1.7/cod4/main/iw_00.iwd (1054 files)
/var/www/html/cod/cod4x1.7/cod4/main
/var/www/html/cod/cod4x1.7/cod4/main_shared
/var/www/html/cod/cod4x1.7/cod4/players
/var/www/html/cod/cod4x1.7/cod4/main/localized_english_iw06.iwd (7 files)
    localized assets iwd file for english
/var/www/html/cod/cod4x1.7/cod4/main/localized_english_iw05.iwd (1338 files)
    localized assets iwd file for english
/var/www/html/cod/cod4x1.7/cod4/main/localized_english_iw04.iwd (1730 files)
    localized assets iwd file for english
/var/www/html/cod/cod4x1.7/cod4/main/localized_english_iw03.iwd (3705 files)
    localized assets iwd file for english
/var/www/html/cod/cod4x1.7/cod4/main/localized_english_iw02.iwd (3483 files)
    localized assets iwd file for english
/var/www/html/cod/cod4x1.7/cod4/main/localized_english_iw01.iwd (3181 files)
    localized assets iwd file for english
/var/www/html/cod/cod4x1.7/cod4/main/localized_english_iw00.iwd (2903 files)
    localized assets iwd file for english

File Handles:
handle 2: qconsole.log
handle 3: enterleave.log
----------------------
24594 files in iwd files
Unloaded fastfile mp_killhouse
Loading fastfile mp_killhouse
Loaded zone 'mp_killhouse'
------- Game Initialization -------
gamename: Call of Duty 4
gamedate: Aug  1 2011
fs_ignoreLocalized is cheat protected.
-----------------------------------
g_antilag is read only.
By using this software you agree to the usage conditions you can find at https://github.com/callofduty4x/CoD4x_Server#usage-conditions-for-server-hosters
-----------------------------------
^4Calculate referenced files checksums...
^4CRC32 for main/iw_11.iwd is e9cf411f Len 151420446
^4CRC32 for mods/lk_gamers/z_custom.iwd is eba9d0cd Len 795249
^4CRC32 for mods/lk_gamers/pml220.iwd is 14a10cf7 Len 5676483
^4CRC32 for mods/lk_gamers/z_snd.iwd is c1c68406 Len 24419247
^4CRC32 for mods/lk_gamers/z_smvskins.iwd is dcc88896 Len 13152094
^4CRC32 for zone/english/code_post_gfx_mp.ff is b144581c Len 89196
^4CRC32 for zone/english/mp_killhouse.ff is 74a9a11f Len 39319415
^4CRC32 for zone/english/common_mp.ff is 4ef7a074 Len 13517381
^4CRC32 for mods/lk_gamers/mod.ff is 111844a9 Len 571315
map_rotate...
"sv_mapRotation" is: " gametype sd map mp_crossfire gametype sd map mp_backlot gametype sd map mp_strike gametype sd map mp_citystreets gametype sd map mp_crash gametype war dom mp_carentan gametype dom map mp_bog gametype sab map mp_broadcast gametype war map mp_killhouse gametype sd map mp_overgrown gametype dm map mp_shipment "

"sv_mapRotationCurrent" is: "map mp_killhouse gametype sd map mp_backlot gametype sd map mp_strike gametype sd map mp_citystreets gametype sd map mp_crash gametype war dom mp_carentan gametype dom map mp_bog gametype sab map mp_broadcast gametype war map mp_killhouse gametype sd map mp_overgrown gametype dm map mp_shipment "

loading nvconfig_v3.dat
Loaded nvconfig_v3.dat 0 errors
==== ShutdownGame (1) ====
------ Server Initialization ------
Server: mp_killhouse
^3Warning: WARNING: Invalid IWD jcod4x_00.iwd in \main.
Current language: english
Current fs_basepath: /var/www/html/cod/cod4x1.7/cod4
Current fs_homepath: /var/www/html/cod/cod4x1.7/cod4
Current search path:
/var/www/html/cod/cod4x1.7/cod4/mods/lk_gamers/z_snd.iwd (94 files)
/var/www/html/cod/cod4x1.7/cod4/mods/lk_gamers/z_smvskins.iwd (26 files)
/var/www/html/cod/cod4x1.7/cod4/mods/lk_gamers/z_custom.iwd (100 files)
/var/www/html/cod/cod4x1.7/cod4/mods/lk_gamers/pml220.iwd (111 files)
/var/www/html/cod/cod4x1.7/cod4/mods/lk_gamers
/var/www/html/cod/cod4x1.7/cod4/usermaps/mp_killhouse
/var/www/html/cod/cod4x1.7/cod4/main/xbase_00.iwd (20 files)
/var/www/html/cod/cod4x1.7/cod4/main/iw_13.iwd (265 files)
/var/www/html/cod/cod4x1.7/cod4/main/iw_12.iwd (33 files)
/var/www/html/cod/cod4x1.7/cod4/main/iw_11.iwd (448 files)
/var/www/html/cod/cod4x1.7/cod4/main/iw_10.iwd (230 files)
/var/www/html/cod/cod4x1.7/cod4/main/iw_09.iwd (447 files)
/var/www/html/cod/cod4x1.7/cod4/main/iw_08.iwd (66 files)
/var/www/html/cod/cod4x1.7/cod4/main/iw_07.iwd (34 files)
/var/www/html/cod/cod4x1.7/cod4/main/iw_06.iwd (416 files)
/var/www/html/cod/cod4x1.7/cod4/main/iw_05.iwd (716 files)
/var/www/html/cod/cod4x1.7/cod4/main/iw_04.iwd (765 files)
/var/www/html/cod/cod4x1.7/cod4/main/iw_03.iwd (670 files)
/var/www/html/cod/cod4x1.7/cod4/main/iw_02.iwd (1296 files)
/var/www/html/cod/cod4x1.7/cod4/main/iw_01.iwd (1456 files)
/var/www/html/cod/cod4x1.7/cod4/main/iw_00.iwd (1054 files)
/var/www/html/cod/cod4x1.7/cod4/main
/var/www/html/cod/cod4x1.7/cod4/main_shared
/var/www/html/cod/cod4x1.7/cod4/players
/var/www/html/cod/cod4x1.7/cod4/main/localized_english_iw06.iwd (7 files)
    localized assets iwd file for english
/var/www/html/cod/cod4x1.7/cod4/main/localized_english_iw05.iwd (1338 files)
    localized assets iwd file for english
/var/www/html/cod/cod4x1.7/cod4/main/localized_english_iw04.iwd (1730 files)
    localized assets iwd file for english
/var/www/html/cod/cod4x1.7/cod4/main/localized_english_iw03.iwd (3705 files)
    localized assets iwd file for english
/var/www/html/cod/cod4x1.7/cod4/main/localized_english_iw02.iwd (3483 files)
    localized assets iwd file for english
/var/www/html/cod/cod4x1.7/cod4/main/localized_english_iw01.iwd (3181 files)
    localized assets iwd file for english
/var/www/html/cod/cod4x1.7/cod4/main/localized_english_iw00.iwd (2903 files)
    localized assets iwd file for english

File Handles:
handle 2: qconsole.log
handle 3: enterleave.log
----------------------
24594 files in iwd files
Unloaded fastfile mp_killhouse
Loading fastfile mp_killhouse
Loaded zone 'mp_killhouse'
------- Game Initialization -------
gamename: Call of Duty 4
gamedate: Aug  1 2011
fs_ignoreLocalized is cheat protected.
-----------------------------------
g_antilag is read only.
By using this software you agree to the usage conditions you can find at https://github.com/callofduty4x/CoD4x_Server#usage-conditions-for-server-hosters
-----------------------------------
^4Calculate referenced files checksums...
^4CRC32 for main/iw_11.iwd is e9cf411f Len 151420446
^4CRC32 for mods/lk_gamers/z_custom.iwd is eba9d0cd Len 795249
^4CRC32 for mods/lk_gamers/pml220.iwd is 14a10cf7 Len 5676483
^4CRC32 for mods/lk_gamers/z_snd.iwd is c1c68406 Len 24419247
^4CRC32 for mods/lk_gamers/z_smvskins.iwd is dcc88896 Len 13152094
^4CRC32 for zone/english/code_post_gfx_mp.ff is b144581c Len 89196
^4CRC32 for zone/english/mp_killhouse.ff is 74a9a11f Len 39319415
^4CRC32 for zone/english/common_mp.ff is 4ef7a074 Len 13517381
^4CRC32 for mods/lk_gamers/mod.ff is 111844a9 Len 571315
^5Hitch warning: 3853 msec frame time
Sending heartbeat to cod4master.smvhost.in
SV_ExecuteReliableMessage() cmd: 9
Received packet 0 of stats data
^2Processed 8201 bytes for client Maniac
SV_ExecuteReliableMessage() cmd: 9
Received packet 0 of stats data
^2Processed 8201 bytes for client -CyRuS-
Sending heartbeat to cod4master.smvhost.in
Sending heartbeat to cod4master.smvhost.in
Sending heartbeat to cod4master.smvhost.in
Sending heartbeat to cod4master.smvhost.in
Sending heartbeat to cod4master.smvhost.in
Player Maniac^7, 0 dropped: EXE_DISCONNECTED
Player -CyRuS-^7, 1 dropped: EXE_DISCONNECTED
Sending heartbeat to cod4master.smvhost.in
map_rotate...
"sv_mapRotation" is: " gametype sd map mp_crossfire gametype sd map mp_backlot gametype sd map mp_strike gametype sd map mp_citystreets gametype sd map mp_crash gametype war dom mp_carentan gametype dom map mp_bog gametype sab map mp_broadcast gametype war map mp_killhouse gametype sd map mp_overgrown gametype dm map mp_shipment "

"sv_mapRotationCurrent" is: "gametype dom map mp_bog"

loading nvconfig_v3.dat
Loaded nvconfig_v3.dat 0 errors
==== ShutdownGame (1) ====
------ Server Initialization ------
Server: mp_bog
^3Warning: WARNING: Invalid IWD jcod4x_00.iwd in \main.
Current language: english
Current fs_basepath: /var/www/html/cod/cod4x1.7/cod4
Current fs_homepath: /var/www/html/cod/cod4x1.7/cod4
Current search path:
/var/www/html/cod/cod4x1.7/cod4/mods/lk_gamers/z_snd.iwd (94 files)
/var/www/html/cod/cod4x1.7/cod4/mods/lk_gamers/z_smvskins.iwd (26 files)
/var/www/html/cod/cod4x1.7/cod4/mods/lk_gamers/z_custom.iwd (100 files)
/var/www/html/cod/cod4x1.7/cod4/mods/lk_gamers/pml220.iwd (111 files)
/var/www/html/cod/cod4x1.7/cod4/mods/lk_gamers
/var/www/html/cod/cod4x1.7/cod4/usermaps/mp_bog
/var/www/html/cod/cod4x1.7/cod4/main/xbase_00.iwd (20 files)
/var/www/html/cod/cod4x1.7/cod4/main/iw_13.iwd (265 files)
/var/www/html/cod/cod4x1.7/cod4/main/iw_12.iwd (33 files)
/var/www/html/cod/cod4x1.7/cod4/main/iw_11.iwd (448 files)
/var/www/html/cod/cod4x1.7/cod4/main/iw_10.iwd (230 files)
/var/www/html/cod/cod4x1.7/cod4/main/iw_09.iwd (447 files)
/var/www/html/cod/cod4x1.7/cod4/main/iw_08.iwd (66 files)
/var/www/html/cod/cod4x1.7/cod4/main/iw_07.iwd (34 files)
/var/www/html/cod/cod4x1.7/cod4/main/iw_06.iwd (416 files)
/var/www/html/cod/cod4x1.7/cod4/main/iw_05.iwd (716 files)
/var/www/html/cod/cod4x1.7/cod4/main/iw_04.iwd (765 files)
/var/www/html/cod/cod4x1.7/cod4/main/iw_03.iwd (670 files)
/var/www/html/cod/cod4x1.7/cod4/main/iw_02.iwd (1296 files)
/var/www/html/cod/cod4x1.7/cod4/main/iw_01.iwd (1456 files)
/var/www/html/cod/cod4x1.7/cod4/main/iw_00.iwd (1054 files)
/var/www/html/cod/cod4x1.7/cod4/main
/var/www/html/cod/cod4x1.7/cod4/main_shared
/var/www/html/cod/cod4x1.7/cod4/players
/var/www/html/cod/cod4x1.7/cod4/main/localized_english_iw06.iwd (7 files)
    localized assets iwd file for english
/var/www/html/cod/cod4x1.7/cod4/main/localized_english_iw05.iwd (1338 files)
    localized assets iwd file for english
/var/www/html/cod/cod4x1.7/cod4/main/localized_english_iw04.iwd (1730 files)
    localized assets iwd file for english
/var/www/html/cod/cod4x1.7/cod4/main/localized_english_iw03.iwd (3705 files)
    localized assets iwd file for english
/var/www/html/cod/cod4x1.7/cod4/main/localized_english_iw02.iwd (3483 files)
    localized assets iwd file for english
/var/www/html/cod/cod4x1.7/cod4/main/localized_english_iw01.iwd (3181 files)
    localized assets iwd file for english
/var/www/html/cod/cod4x1.7/cod4/main/localized_english_iw00.iwd (2903 files)
    localized assets iwd file for english

File Handles:
handle 2: qconsole.log
handle 3: enterleave.log
----------------------
24594 files in iwd files
Unloaded fastfile mp_killhouse
Loading fastfile mp_bog
Loaded zone 'mp_bog'
------- Game Initialization -------
gamename: Call of Duty 4
gamedate: Aug  1 2011
fs_ignoreLocalized is cheat protected.
-----------------------------------
g_antilag is read only.
By using this software you agree to the usage conditions you can find at https://github.com/callofduty4x/CoD4x_Server#usage-conditions-for-server-hosters
-----------------------------------
^4Calculate referenced files checksums...
^4CRC32 for main/iw_11.iwd is e9cf411f Len 151420446
^4CRC32 for mods/lk_gamers/z_custom.iwd is eba9d0cd Len 795249
^4CRC32 for mods/lk_gamers/pml220.iwd is 14a10cf7 Len 5676483
^4CRC32 for mods/lk_gamers/z_snd.iwd is c1c68406 Len 24419247
^4CRC32 for mods/lk_gamers/z_smvskins.iwd is dcc88896 Len 13152094
^4CRC32 for zone/english/code_post_gfx_mp.ff is b144581c Len 89196
^4CRC32 for zone/english/mp_bog.ff is 36bcbc42 Len 32906520
^4CRC32 for zone/english/common_mp.ff is 4ef7a074 Len 13517381
^4CRC32 for mods/lk_gamers/mod.ff is 111844a9 Len 571315
map_rotate...
"sv_mapRotation" is: " gametype sd map mp_crossfire gametype sd map mp_backlot gametype sd map mp_strike gametype sd map mp_citystreets gametype sd map mp_crash gametype war dom mp_carentan gametype dom map mp_bog gametype sab map mp_broadcast gametype war map mp_killhouse gametype sd map mp_overgrown gametype dm map mp_shipment "

"sv_mapRotationCurrent" is: "map mp_bog "

loading nvconfig_v3.dat
Loaded nvconfig_v3.dat 0 errors
==== ShutdownGame (1) ====
------ Server Initialization ------
Server: mp_bog
^3Warning: WARNING: Invalid IWD jcod4x_00.iwd in \main.
Current language: english
Current fs_basepath: /var/www/html/cod/cod4x1.7/cod4
Current fs_homepath: /var/www/html/cod/cod4x1.7/cod4
Current search path:
/var/www/html/cod/cod4x1.7/cod4/mods/lk_gamers/z_snd.iwd (94 files)
/var/www/html/cod/cod4x1.7/cod4/mods/lk_gamers/z_smvskins.iwd (26 files)
/var/www/html/cod/cod4x1.7/cod4/mods/lk_gamers/z_custom.iwd (100 files)
/var/www/html/cod/cod4x1.7/cod4/mods/lk_gamers/pml220.iwd (111 files)
/var/www/html/cod/cod4x1.7/cod4/mods/lk_gamers
/var/www/html/cod/cod4x1.7/cod4/usermaps/mp_bog
/var/www/html/cod/cod4x1.7/cod4/main/xbase_00.iwd (20 files)
/var/www/html/cod/cod4x1.7/cod4/main/iw_13.iwd (265 files)
/var/www/html/cod/cod4x1.7/cod4/main/iw_12.iwd (33 files)
/var/www/html/cod/cod4x1.7/cod4/main/iw_11.iwd (448 files)
/var/www/html/cod/cod4x1.7/cod4/main/iw_10.iwd (230 files)
/var/www/html/cod/cod4x1.7/cod4/main/iw_09.iwd (447 files)
/var/www/html/cod/cod4x1.7/cod4/main/iw_08.iwd (66 files)
/var/www/html/cod/cod4x1.7/cod4/main/iw_07.iwd (34 files)
/var/www/html/cod/cod4x1.7/cod4/main/iw_06.iwd (416 files)
/var/www/html/cod/cod4x1.7/cod4/main/iw_05.iwd (716 files)
/var/www/html/cod/cod4x1.7/cod4/main/iw_04.iwd (765 files)
/var/www/html/cod/cod4x1.7/cod4/main/iw_03.iwd (670 files)
/var/www/html/cod/cod4x1.7/cod4/main/iw_02.iwd (1296 files)
/var/www/html/cod/cod4x1.7/cod4/main/iw_01.iwd (1456 files)
/var/www/html/cod/cod4x1.7/cod4/main/iw_00.iwd (1054 files)
/var/www/html/cod/cod4x1.7/cod4/main
/var/www/html/cod/cod4x1.7/cod4/main_shared
/var/www/html/cod/cod4x1.7/cod4/players
/var/www/html/cod/cod4x1.7/cod4/main/localized_english_iw06.iwd (7 files)
    localized assets iwd file for english
/var/www/html/cod/cod4x1.7/cod4/main/localized_english_iw05.iwd (1338 files)
    localized assets iwd file for english
/var/www/html/cod/cod4x1.7/cod4/main/localized_english_iw04.iwd (1730 files)
    localized assets iwd file for english
/var/www/html/cod/cod4x1.7/cod4/main/localized_english_iw03.iwd (3705 files)
    localized assets iwd file for english
/var/www/html/cod/cod4x1.7/cod4/main/localized_english_iw02.iwd (3483 files)
    localized assets iwd file for english
/var/www/html/cod/cod4x1.7/cod4/main/localized_english_iw01.iwd (3181 files)
    localized assets iwd file for english
/var/www/html/cod/cod4x1.7/cod4/main/localized_english_iw00.iwd (2903 files)
    localized assets iwd file for english

File Handles:
handle 2: qconsole.log
handle 3: enterleave.log
----------------------
24594 files in iwd files
Unloaded fastfile mp_bog
Loading fastfile mp_bog
Loaded zone 'mp_bog'
------- Game Initialization -------
gamename: Call of Duty 4
gamedate: Aug  1 2011
fs_ignoreLocalized is cheat protected.
-----------------------------------
g_antilag is read only.
By using this software you agree to the usage conditions you can find at https://github.com/callofduty4x/CoD4x_Server#usage-conditions-for-server-hosters
-----------------------------------
^4Calculate referenced files checksums...
^4CRC32 for main/iw_11.iwd is e9cf411f Len 151420446
^4CRC32 for mods/lk_gamers/z_custom.iwd is eba9d0cd Len 795249
^4CRC32 for mods/lk_gamers/pml220.iwd is 14a10cf7 Len 5676483
^4CRC32 for mods/lk_gamers/z_snd.iwd is c1c68406 Len 24419247
^4CRC32 for mods/lk_gamers/z_smvskins.iwd is dcc88896 Len 13152094
^4CRC32 for zone/english/code_post_gfx_mp.ff is b144581c Len 89196
^4CRC32 for zone/english/mp_bog.ff is 36bcbc42 Len 32906520
^4CRC32 for zone/english/common_mp.ff is 4ef7a074 Len 13517381
^4CRC32 for mods/lk_gamers/mod.ff is 111844a9 Len 571315
^5Hitch warning: 3654 msec frame time
Sending heartbeat to cod4master.smvhost.in
tty console mode disabled
Received signal: Hangup, exiting...
Server received signal: Hangup
Shutting down server...
----- Server Shutdown -----

With the reason: 
Server received signal: Hangup
Terminating server...
Sending heartbeat to cod4master.smvhost.in
Sending heartbeat to cod4master.smvhost.in
==== ShutdownGame (1) ====
---------------------------
